[debug] [2021-05-08T14:55:52.821Z] ----------------------------------------------------------------------
[debug] [2021-05-08T14:55:52.823Z] Command:       /home/kabba/.nvm/versions/node/v14.16.0/bin/node /home/kabba/.nvm/versions/node/v14.16.0/bin/firebase deploy
[debug] [2021-05-08T14:55:52.823Z] CLI Version:   9.10.0
[debug] [2021-05-08T14:55:52.823Z] Platform:      linux
[debug] [2021-05-08T14:55:52.823Z] Node Version:  v14.16.0
[debug] [2021-05-08T14:55:52.824Z] Time:          Sat May 08 2021 17:55:52 GMT+0300 (East Africa Time)
[debug] [2021-05-08T14:55:52.824Z] ----------------------------------------------------------------------
[debug] 
[debug] [2021-05-08T14:55:52.832Z] > command requires scopes: ["email","openid","https://www.googleapis.com/auth/cloudplatformprojects.readonly","https://www.googleapis.com/auth/firebase","https://www.googleapis.com/auth/cloud-platform"]
[debug] [2021-05-08T14:55:52.832Z] > authorizing via signed-in user (kabbajoseph072@gmail.com)
[debug] [2021-05-08T14:55:52.833Z] [iam] checking project data-structures-project-93e56 for permissions ["firebase.projects.get","firebasehosting.sites.update"]
[debug] [2021-05-08T14:55:52.835Z] > refreshing access token with scopes: ["email","https://www.googleapis.com/auth/cloud-platform","https://www.googleapis.com/auth/cloudplatformprojects.readonly","https://www.googleapis.com/auth/firebase","openid"]
[debug] [2021-05-08T14:55:52.835Z] >>> HTTP REQUEST POST https://www.googleapis.com/oauth2/v3/token  
 <request body omitted>
[debug] [2021-05-08T14:55:54.120Z] <<< HTTP RESPONSE 200 {"cache-control":"no-cache, no-store, max-age=0, must-revalidate","expires":"Mon, 01 Jan 1990 00:00:00 GMT","date":"Sat, 08 May 2021 14:55:54 GMT","pragma":"no-cache","content-type":"application/json; charset=utf-8","vary":"X-Origin, Referer, Origin,Accept-Encoding","server":"scaffolding on HTTPServer2","x-xss-protection":"0","x-frame-options":"SAMEORIGIN","x-content-type-options":"nosniff","alt-svc":"h3-29=\":443\"; ma=2592000,h3-T051=\":443\"; ma=2592000,h3-Q050=\":443\"; ma=2592000,h3-Q046=\":443\"; ma=2592000,h3-Q043=\":443\"; ma=2592000,quic=\":443\"; ma=2592000; v=\"46,43\"","accept-ranges":"none","transfer-encoding":"chunked"}
[debug] [2021-05-08T14:55:54.223Z] >>> HTTP REQUEST POST https://cloudresourcemanager.googleapis.com/v1/projects/data-structures-project-93e56:testIamPermissions  
 {"permissions":["firebase.projects.get","firebasehosting.sites.update"]}
[debug] [2021-05-08T14:55:56.466Z] <<< HTTP RESPONSE 200 {"content-type":"application/json; charset=UTF-8","vary":"X-Origin, Referer, Origin,Accept-Encoding","date":"Sat, 08 May 2021 14:55:56 GMT","server":"ESF","cache-control":"private","x-xss-protection":"0","x-frame-options":"SAMEORIGIN","x-content-type-options":"nosniff","server-timing":"gfet4t7; dur=1274","alt-svc":"h3-29=\":443\"; ma=2592000,h3-T051=\":443\"; ma=2592000,h3-Q050=\":443\"; ma=2592000,h3-Q046=\":443\"; ma=2592000,h3-Q043=\":443\"; ma=2592000,quic=\":443\"; ma=2592000; v=\"46,43\"","accept-ranges":"none","transfer-encoding":"chunked"}
[debug] [2021-05-08T14:55:56.472Z] > refreshing access token with scopes: []
[debug] [2021-05-08T14:55:56.472Z] >>> HTTP REQUEST POST https://www.googleapis.com/oauth2/v3/token  
 <request body omitted>
[debug] [2021-05-08T14:55:57.286Z] <<< HTTP RESPONSE 200 {"cache-control":"no-cache, no-store, max-age=0, must-revalidate","pragma":"no-cache","date":"Sat, 08 May 2021 14:55:57 GMT","expires":"Mon, 01 Jan 1990 00:00:00 GMT","content-type":"application/json; charset=utf-8","vary":"X-Origin, Referer, Origin,Accept-Encoding","server":"scaffolding on HTTPServer2","x-xss-protection":"0","x-frame-options":"SAMEORIGIN","x-content-type-options":"nosniff","alt-svc":"h3-29=\":443\"; ma=2592000,h3-T051=\":443\"; ma=2592000,h3-Q050=\":443\"; ma=2592000,h3-Q046=\":443\"; ma=2592000,h3-Q043=\":443\"; ma=2592000,quic=\":443\"; ma=2592000; v=\"46,43\"","accept-ranges":"none","transfer-encoding":"chunked"}
[debug] [2021-05-08T14:55:57.365Z] >>> [apiv2][query] GET https://firebase.googleapis.com/v1beta1/projects/data-structures-project-93e56 [none]
[debug] [2021-05-08T14:55:58.421Z] <<< [apiv2][status] GET https://firebase.googleapis.com/v1beta1/projects/data-structures-project-93e56 200
[debug] [2021-05-08T14:55:58.422Z] <<< [apiv2][body] GET https://firebase.googleapis.com/v1beta1/projects/data-structures-project-93e56 {"projectId":"data-structures-project-93e56","projectNumber":"361801190291","displayName":"data structures project","name":"projects/data-structures-project-93e56","resources":{"hostingSite":"data-structures-project-93e56","storageBucket":"data-structures-project-93e56.appspot.com","locationId":"us-central"},"state":"ACTIVE"}
[info] 
[info] === Deploying to 'data-structures-project-93e56'...
[info] 
[info] i  deploying hosting 
[debug] [2021-05-08T14:55:58.429Z] > refreshing access token with scopes: ["email","https://www.googleapis.com/auth/cloud-platform","https://www.googleapis.com/auth/cloudplatformprojects.readonly","https://www.googleapis.com/auth/firebase","openid"]
[debug] [2021-05-08T14:55:58.429Z] >>> HTTP REQUEST POST https://www.googleapis.com/oauth2/v3/token  
 <request body omitted>
[debug] [2021-05-08T14:55:59.231Z] <<< HTTP RESPONSE 200 {"date":"Sat, 08 May 2021 14:55:59 GMT","cache-control":"no-cache, no-store, max-age=0, must-revalidate","expires":"Mon, 01 Jan 1990 00:00:00 GMT","pragma":"no-cache","content-type":"application/json; charset=utf-8","vary":"X-Origin, Referer, Origin,Accept-Encoding","server":"scaffolding on HTTPServer2","x-xss-protection":"0","x-frame-options":"SAMEORIGIN","x-content-type-options":"nosniff","alt-svc":"h3-29=\":443\"; ma=2592000,h3-T051=\":443\"; ma=2592000,h3-Q050=\":443\"; ma=2592000,h3-Q046=\":443\"; ma=2592000,h3-Q043=\":443\"; ma=2592000,quic=\":443\"; ma=2592000; v=\"46,43\"","accept-ranges":"none","transfer-encoding":"chunked"}
[debug] [2021-05-08T14:55:59.334Z] >>> HTTP REQUEST POST https://firebasehosting.googleapis.com/v1beta1/sites/data-structures-project-93e56/versions  
 {"config":{"rewrites":[{"glob":"**","path":"/index.html"}]},"labels":{"deployment-tool":"cli-firebase"}}
[debug] [2021-05-08T14:56:02.207Z] <<< HTTP RESPONSE 200 {"content-type":"application/json; charset=UTF-8","vary":"X-Origin, Referer, Origin,Accept-Encoding","date":"Sat, 08 May 2021 14:56:02 GMT","server":"ESF","cache-control":"private","x-xss-protection":"0","x-frame-options":"SAMEORIGIN","x-content-type-options":"nosniff","alt-svc":"h3-29=\":443\"; ma=2592000,h3-T051=\":443\"; ma=2592000,h3-Q050=\":443\"; ma=2592000,h3-Q046=\":443\"; ma=2592000,h3-Q043=\":443\"; ma=2592000,quic=\":443\"; ma=2592000; v=\"46,43\"","accept-ranges":"none","transfer-encoding":"chunked"}
[info] i  hosting[data-structures-project-93e56]: beginning deploy... 
[info] i  hosting[data-structures-project-93e56]: found 19 files in build 
[debug] [2021-05-08T14:56:02.420Z] > refreshing access token with scopes: []
[debug] [2021-05-08T14:56:02.420Z] >>> HTTP REQUEST POST https://www.googleapis.com/oauth2/v3/token  
 <request body omitted>
[debug] [2021-05-08T14:56:02.422Z] [hosting] hash cache [YnVpbGQ] stored for 19 files
[debug] [2021-05-08T14:56:02.422Z] [hosting][hash queue][FINAL] {"max":187,"min":24,"avg":35.63157894736842,"active":0,"complete":19,"success":19,"errored":0,"retried":0,"total":19,"elapsed":195}
[debug] [2021-05-08T14:56:03.121Z] <<< HTTP RESPONSE 200 {"cache-control":"no-cache, no-store, max-age=0, must-revalidate","date":"Sat, 08 May 2021 14:56:02 GMT","pragma":"no-cache","expires":"Mon, 01 Jan 1990 00:00:00 GMT","content-type":"application/json; charset=utf-8","vary":"X-Origin, Referer, Origin,Accept-Encoding","server":"scaffolding on HTTPServer2","x-xss-protection":"0","x-frame-options":"SAMEORIGIN","x-content-type-options":"nosniff","alt-svc":"h3-29=\":443\"; ma=2592000,h3-T051=\":443\"; ma=2592000,h3-Q050=\":443\"; ma=2592000,h3-Q046=\":443\"; ma=2592000,h3-Q043=\":443\"; ma=2592000,quic=\":443\"; ma=2592000; v=\"46,43\"","accept-ranges":"none","transfer-encoding":"chunked"}
[debug] [2021-05-08T14:56:03.275Z] >>> [apiv2][query] POST https://firebasehosting.googleapis.com/v1beta1/sites/data-structures-project-93e56/versions/d65d048a596a2316:populateFiles [none]
[debug] [2021-05-08T14:56:03.275Z] >>> [apiv2][body] POST https://firebasehosting.googleapis.com/v1beta1/sites/data-structures-project-93e56/versions/d65d048a596a2316:populateFiles {"files":{"/asset-manifest.json":"25805ceebd6a588324fcd92480eb309f853cf65f30709597d92ac6e631ec2a53","/index.html":"16a34fae01db41ea7505c41b7e52cf54abc2d12610596881489530c440d53fd9","/manifest.json":"0958a5e0c831126100c8c2d06a6bbaa665a3900f21aaff4130238a6f5a113aa1","/robots.txt":"2544ca049f223a42bff01f72ad930a5edba75bbb7199d0f8430a02ff5aca16ec","/static/css/2.0df0d7f8.chunk.css.map":"0e00b2a1632be51e5d649dfa7c3180aa3b15b2b50bd0b90b207f86e4eb8f27a0","/static/css/2.0df0d7f8.chunk.css":"ae3e5b6643e71fef4d6a480689474b108ae5824550336afa6aab94024e9f5c1c","/static/css/main.348f49e6.chunk.css":"ef300e52f01e0e9cef87ec271651b7ae5b154e79fbc601064be7a933ffb4bc97","/static/js/2.16044df8.chunk.js.LICENSE.txt":"9c6bc0e32186c11499c28dc282574f025c674b64a34b302b205b607c657d4310","/static/css/main.348f49e6.chunk.css.map":"577680a322465fc7ca129164b62e3ddd3c3c5e134827f18d2636940e513c8214","/static/js/main.9166e42f.chunk.js":"a6d44394c8a67b38de856748685a96a8ca567dae4988f83cea9fc9d1f6363aeb","/static/js/runtime-main.0b766659.js":"a00611c65daebddefa7e51064fd4f9ce74097db144b6a0e64027006e0dcfaa2a","/static/media/slick.2630a3e3.svg":"e833374a2a7c50bc853e5ffc3f5cd629c072f85139c161f4c9cde24d779a3f20","/static/media/slick.29518378.woff":"94d6b06620e204c7c7a163b806f382b7e784dfe120067484b447526b7c009189","/static/media/slick.a4e97f5a.eot":"f71b3a7853f380177ec1dd20ad834a587f5bd2f7829c9a97740e71774b62c18d","/static/media/slick.c94f7671.ttf":"df6ad11dd9bda822068ae06cb98a89c5fb2a2467c88d98238e5c685af55ac10e","/static/js/runtime-main.0b766659.js.map":"ea87143a6bda6223f84733bf38c6026cc4574eea1f55cccf7e577f0483ae9346","/static/js/main.9166e42f.chunk.js.map":"b0e73c929db3ed2d9769d1572aba188cbb45d460998a6451760c1a17d3e5309e","/static/js/2.16044df8.chunk.js":"1c13314504e074764d2edf47cb535ceec77a370f2f02bfebb40ecaa9b4e4451a","/static/js/2.16044df8.chunk.js.map":"b2bc74c69ff43504f678a27355de7fd3ab8931df20c810bcde4f99685e32a464"}}
[debug] [2021-05-08T14:56:05.377Z] <<< [apiv2][status] POST https://firebasehosting.googleapis.com/v1beta1/sites/data-structures-project-93e56/versions/d65d048a596a2316:populateFiles 200
[debug] [2021-05-08T14:56:05.378Z] <<< [apiv2][body] POST https://firebasehosting.googleapis.com/v1beta1/sites/data-structures-project-93e56/versions/d65d048a596a2316:populateFiles {"uploadRequiredHashes":["a6d44394c8a67b38de856748685a96a8ca567dae4988f83cea9fc9d1f6363aeb","25805ceebd6a588324fcd92480eb309f853cf65f30709597d92ac6e631ec2a53","b0e73c929db3ed2d9769d1572aba188cbb45d460998a6451760c1a17d3e5309e","b2bc74c69ff43504f678a27355de7fd3ab8931df20c810bcde4f99685e32a464","16a34fae01db41ea7505c41b7e52cf54abc2d12610596881489530c440d53fd9","ef300e52f01e0e9cef87ec271651b7ae5b154e79fbc601064be7a933ffb4bc97","577680a322465fc7ca129164b62e3ddd3c3c5e134827f18d2636940e513c8214","1c13314504e074764d2edf47cb535ceec77a370f2f02bfebb40ecaa9b4e4451a"],"uploadUrl":"https://upload-firebasehosting.googleapis.com/upload/sites/data-structures-project-93e56/versions/d65d048a596a2316/files"}
[debug] [2021-05-08T14:56:05.383Z] >>> [apiv2][query] POST https://upload-firebasehosting.googleapis.com/upload/sites/data-structures-project-93e56/versions/d65d048a596a2316/files/a6d44394c8a67b38de856748685a96a8ca567dae4988f83cea9fc9d1f6363aeb [none]
[debug] [2021-05-08T14:56:05.383Z] >>> [apiv2][body] POST https://upload-firebasehosting.googleapis.com/upload/sites/data-structures-project-93e56/versions/d65d048a596a2316/files/a6d44394c8a67b38de856748685a96a8ca567dae4988f83cea9fc9d1f6363aeb [stream]
[debug] [2021-05-08T14:56:05.385Z] >>> [apiv2][query] POST https://upload-firebasehosting.googleapis.com/upload/sites/data-structures-project-93e56/versions/d65d048a596a2316/files/25805ceebd6a588324fcd92480eb309f853cf65f30709597d92ac6e631ec2a53 [none]
[debug] [2021-05-08T14:56:05.385Z] >>> [apiv2][body] POST https://upload-firebasehosting.googleapis.com/upload/sites/data-structures-project-93e56/versions/d65d048a596a2316/files/25805ceebd6a588324fcd92480eb309f853cf65f30709597d92ac6e631ec2a53 [stream]
[debug] [2021-05-08T14:56:05.390Z] >>> [apiv2][query] POST https://upload-firebasehosting.googleapis.com/upload/sites/data-structures-project-93e56/versions/d65d048a596a2316/files/b0e73c929db3ed2d9769d1572aba188cbb45d460998a6451760c1a17d3e5309e [none]
[debug] [2021-05-08T14:56:05.390Z] >>> [apiv2][body] POST https://upload-firebasehosting.googleapis.com/upload/sites/data-structures-project-93e56/versions/d65d048a596a2316/files/b0e73c929db3ed2d9769d1572aba188cbb45d460998a6451760c1a17d3e5309e [stream]
[debug] [2021-05-08T14:56:05.391Z] >>> [apiv2][query] POST https://upload-firebasehosting.googleapis.com/upload/sites/data-structures-project-93e56/versions/d65d048a596a2316/files/b2bc74c69ff43504f678a27355de7fd3ab8931df20c810bcde4f99685e32a464 [none]
[debug] [2021-05-08T14:56:05.391Z] >>> [apiv2][body] POST https://upload-firebasehosting.googleapis.com/upload/sites/data-structures-project-93e56/versions/d65d048a596a2316/files/b2bc74c69ff43504f678a27355de7fd3ab8931df20c810bcde4f99685e32a464 [stream]
[debug] [2021-05-08T14:56:05.393Z] >>> [apiv2][query] POST https://upload-firebasehosting.googleapis.com/upload/sites/data-structures-project-93e56/versions/d65d048a596a2316/files/16a34fae01db41ea7505c41b7e52cf54abc2d12610596881489530c440d53fd9 [none]
[debug] [2021-05-08T14:56:05.393Z] >>> [apiv2][body] POST https://upload-firebasehosting.googleapis.com/upload/sites/data-structures-project-93e56/versions/d65d048a596a2316/files/16a34fae01db41ea7505c41b7e52cf54abc2d12610596881489530c440d53fd9 [stream]
[debug] [2021-05-08T14:56:05.395Z] >>> [apiv2][query] POST https://upload-firebasehosting.googleapis.com/upload/sites/data-structures-project-93e56/versions/d65d048a596a2316/files/ef300e52f01e0e9cef87ec271651b7ae5b154e79fbc601064be7a933ffb4bc97 [none]
[debug] [2021-05-08T14:56:05.395Z] >>> [apiv2][body] POST https://upload-firebasehosting.googleapis.com/upload/sites/data-structures-project-93e56/versions/d65d048a596a2316/files/ef300e52f01e0e9cef87ec271651b7ae5b154e79fbc601064be7a933ffb4bc97 [stream]
[debug] [2021-05-08T14:56:05.397Z] >>> [apiv2][query] POST https://upload-firebasehosting.googleapis.com/upload/sites/data-structures-project-93e56/versions/d65d048a596a2316/files/577680a322465fc7ca129164b62e3ddd3c3c5e134827f18d2636940e513c8214 [none]
[debug] [2021-05-08T14:56:05.397Z] >>> [apiv2][body] POST https://upload-firebasehosting.googleapis.com/upload/sites/data-structures-project-93e56/versions/d65d048a596a2316/files/577680a322465fc7ca129164b62e3ddd3c3c5e134827f18d2636940e513c8214 [stream]
[debug] [2021-05-08T14:56:05.399Z] >>> [apiv2][query] POST https://upload-firebasehosting.googleapis.com/upload/sites/data-structures-project-93e56/versions/d65d048a596a2316/files/1c13314504e074764d2edf47cb535ceec77a370f2f02bfebb40ecaa9b4e4451a [none]
[debug] [2021-05-08T14:56:05.399Z] >>> [apiv2][body] POST https://upload-firebasehosting.googleapis.com/upload/sites/data-structures-project-93e56/versions/d65d048a596a2316/files/1c13314504e074764d2edf47cb535ceec77a370f2f02bfebb40ecaa9b4e4451a [stream]
[debug] [2021-05-08T14:56:05.404Z] [hosting][populate queue][FINAL] {"max":2963,"min":2963,"avg":2963,"active":0,"complete":1,"success":1,"errored":0,"retried":0,"total":1,"elapsed":2984}
[debug] [2021-05-08T14:56:05.404Z] [hosting] uploads queued: 8
